This is pdfTeX, Version 3.14159265-2.6-1.40.20 (MiKTeX 2.9.7200 64-bit) (preloaded format=pdflatex 2019.11.9)  9 NOV 2019 15:27
entering extended mode
**./TituloENome.tex
(TituloENome.tex
LaTeX2e <2019-10-01> patch level 1

! LaTeX Error: Missing \begin{document}.

See the LaTeX manual or LaTeX Companion for explanation.
Type  H <return>  for immediate help.
 ...                                              
                                                  
l.3 \begin{center}
                  
You're in trouble here.  Try typing  <return>  to proceed.
If that doesn't work, type  X <return>  to quit.


Overfull \hbox (20.0pt too wide) in paragraph at lines 3--3
[] 
 []


Overfull \hbox (50.05524pt too wide) in paragraph at lines 6--6
 \OT1/cmr/bx/n/10 Utilizac~ao 
 []


Overfull \hbox (11.65967pt too wide) in paragraph at lines 6--6
 \OT1/cmr/bx/n/10 de 
 []


Overfull \hbox (12.61797pt too wide) in paragraph at lines 6--6
 \OT1/cmr/bx/n/10 al- 
 []


Overfull \hbox (15.33325pt too wide) in paragraph at lines 6--6
 \OT1/cmr/bx/n/10 go- 
 []


Overfull \hbox (16.23604pt too wide) in paragraph at lines 6--6
 \OT1/cmr/bx/n/10 rit- 
 []


Overfull \hbox (19.86932pt too wide) in paragraph at lines 6--6
 \OT1/cmr/bx/n/10 mos 
 []


Overfull \hbox (11.65967pt too wide) in paragraph at lines 6--6
 \OT1/cmr/bx/n/10 de 
 []


Overfull \hbox (13.4166pt too wide) in paragraph at lines 6--6
 \OT1/cmr/bx/n/10 in- 
 []


Overfull \hbox (47.43724pt too wide) in paragraph at lines 6--6
 \OT1/cmr/bx/n/10 telig^encia 
 []


Overfull \hbox (14.15964pt too wide) in paragraph at lines 6--6
 \OT1/cmr/bx/n/10 ar- 
 []


Overfull \hbox (11.49994pt too wide) in paragraph at lines 6--6
 \OT1/cmr/bx/n/10 ti- 
 []


Overfull \hbox (10.22217pt too wide) in paragraph at lines 6--6
 \OT1/cmr/bx/n/10 fi- 
 []


Overfull \hbox (17.09016pt too wide) in paragraph at lines 6--6
 \OT1/cmr/bx/n/10 cial 
 []


Overfull \hbox (11.97908pt too wide) in paragraph at lines 6--6
 \OT1/cmr/bx/n/10 na 
 []


Overfull \hbox (20.22908pt too wide) in paragraph at lines 6--6
 \OT1/cmr/bx/n/10 pre- 
 []


Overfull \hbox (25.1401pt too wide) in paragraph at lines 6--6
 \OT1/cmr/bx/n/10 vis~ao 
 []


Overfull \hbox (11.65967pt too wide) in paragraph at lines 6--6
 \OT1/cmr/bx/n/10 de 
 []


Overfull \hbox (13.84023pt too wide) in paragraph at lines 6--6
 \OT1/cmr/bx/n/10 re- 
 []


Overfull \hbox (17.95267pt too wide) in paragraph at lines 6--6
 \OT1/cmr/bx/n/10 sul- 
 []


Overfull \hbox (13.89574pt too wide) in paragraph at lines 6--6
 \OT1/cmr/bx/n/10 ta- 
 []


Overfull \hbox (16.6749pt too wide) in paragraph at lines 6--6
 \OT1/cmr/bx/n/10 dos 
 []


Overfull \hbox (11.65967pt too wide) in paragraph at lines 6--6
 \OT1/cmr/bx/n/10 de 
 []


Overfull \hbox (20.5485pt too wide) in paragraph at lines 6--6
 \OT1/cmr/bx/n/10 par- 
 []


Overfull \hbox (24.18178pt too wide) in paragraph at lines 6--6
 \OT1/cmr/bx/n/10 tidas 
 []


Overfull \hbox (11.65967pt too wide) in paragraph at lines 6--6
 \OT1/cmr/bx/n/10 de 
 []


Overfull \hbox (23.47905pt too wide) in paragraph at lines 6--6
 \OT1/cmr/bx/n/10 fute- 
 []


Overfull \hbox (15.6527pt too wide) in paragraph at lines 6--6
 \OT1/cmr/bx/n/10 bol 
 []

LaTeX Font Info:    External font `cmex10' loaded for size
(Font)              <7> on input line 6.
LaTeX Font Info:    External font `cmex10' loaded for size
(Font)              <5> on input line 6.
! Undefined control sequence.
\@footnotetext ...tins {\reset@font \footnotesize 
                                                  \interlinepenalty \interfo...
l.6 ...Campus Ituiutaba, netogardenghi@gmail.com}}
                                                  
The control sequence at the end of the top line
of your error message was never \def'ed. If you have
misspelled it (e.g., `\hobx'), type `I' and the correct
spelling (e.g., `I\hbox'). Otherwise just continue,
and I'll forget about whatever was undefined.

! Undefined control sequence.
\@footnotetext ...}\color@begingroup \@makefntext 
                                                  {\rule \z@ \footnotesep \i...
l.6 ...Campus Ituiutaba, netogardenghi@gmail.com}}
                                                  
The control sequence at the end of the top line
of your error message was never \def'ed. If you have
misspelled it (e.g., `\hobx'), type `I' and the correct
spelling (e.g., `I\hbox'). Otherwise just continue,
and I'll forget about whatever was undefined.


Overfull \hbox (44.3612pt too wide) in paragraph at lines 6--6
[][]\OT1/cmr/m/n/10 Estudante
 []


Overfull \hbox (10.00002pt too wide) in paragraph at lines 6--6
\OT1/cmr/m/n/10 de
 []


Overfull \hbox (32.22227pt too wide) in paragraph at lines 6--6
\OT1/cmr/m/n/10 Ci^encia
 []


Overfull \hbox (10.55559pt too wide) in paragraph at lines 6--6
\OT1/cmr/m/n/10 da
 []


Overfull \hbox (23.88893pt too wide) in paragraph at lines 6--6
\OT1/cmr/m/n/10 Com-
 []


Overfull \hbox (37.22232pt too wide) in paragraph at lines 6--6
\OT1/cmr/m/n/10 putac~ao,
 []


Overfull \hbox (29.30562pt too wide) in paragraph at lines 6--6
\OT1/cmr/m/n/10 IFTM,
 []


Overfull \hbox (23.88893pt too wide) in paragraph at lines 6--6
\OT1/cmr/m/n/10 Cam-
 []


Overfull \hbox (15.05559pt too wide) in paragraph at lines 6--6
\OT1/cmr/m/n/10 pus
 []


Overfull \hbox (16.38892pt too wide) in paragraph at lines 6--6
\OT1/cmr/m/n/10 Itu-
 []


Overfull \hbox (30.55565pt too wide) in paragraph at lines 6--6
\OT1/cmr/m/n/10 iutaba,
 []


Overfull \hbox (13.33334pt too wide) in paragraph at lines 6--6
\OT1/cmr/m/n/10 ne-
 []


Overfull \hbox (17.22226pt too wide) in paragraph at lines 6--6
\OT1/cmr/m/n/10 tog-
 []


Overfull \hbox (8.33334pt too wide) in paragraph at lines 6--6
\OT1/cmr/m/n/10 a-
 []


Overfull \hbox (7.25pt too wide) in paragraph at lines 6--6
\OT1/cmr/m/n/10 r-
 []


Overfull \hbox (81.11133pt too wide) in paragraph at lines 6--6
\OT1/cmr/m/n/10 denghi@gmail.com| 
 []


Overfull \hbox (30.58455pt too wide) in paragraph at lines 6--7
 []\OT1/cmr/bx/n/10 Olesio 
 []


Overfull \hbox (23.20125pt too wide) in paragraph at lines 6--7
 \OT1/cmr/bx/n/10 Gar- 
 []


Overfull \hbox (33.38177pt too wide) in paragraph at lines 6--7
 \OT1/cmr/bx/n/10 denghi 
 []


Overfull \hbox (24.49294pt too wide) in paragraph at lines 6--7
 \OT1/cmr/bx/n/10 Neto 
 []


Overfull \hbox (4.48613pt too wide) in paragraph at lines 6--7
 [] 
 []

)
! Emergency stop.
<*> ./TituloENome.tex
                     
*** (job aborted, no legal \end found)

 
Here is how much of TeX's memory you used:
 14 strings out of 492453
 274 string characters out of 3120543
 59877 words of memory out of 3000000
 4471 multiletter control sequences out of 15000+200000
 3948 words of font info for 15 fonts, out of 3000000 for 9000
 1141 hyphenation exceptions out of 8191
 25i,5n,16p,137b,171s stack positions out of 5000i,500n,10000p,200000b,50000s
!  ==> Fatal error occurred, no output PDF file produced!
