This is pdfTeX, Version 3.14159265-2.6-1.40.20 (MiKTeX 2.9.7200 64-bit) (preloaded format=pdflatex 2019.11.9)  9 NOV 2019 15:51
entering extended mode
**./TituloLinguaEstr.tex
(TituloLinguaEstr.tex
LaTeX2e <2019-10-01> patch level 1

! LaTeX Error: Missing \begin{document}.

See the LaTeX manual or LaTeX Companion for explanation.
Type  H <return>  for immediate help.
 ...                                              
                                                  
l.3 \begin{center}
                  
You're in trouble here.  Try typing  <return>  to proceed.
If that doesn't work, type  X <return>  to quit.


Overfull \hbox (20.0pt too wide) in paragraph at lines 3--3
[] 
 []


Overfull \hbox (18.65405pt too wide) in paragraph at lines 4--4
 \OT1/cmr/bx/n/10 Use 
 []


Overfull \hbox (9.26384pt too wide) in paragraph at lines 4--4
 \OT1/cmr/bx/n/10 of 
 []


Overfull \hbox (14.15964pt too wide) in paragraph at lines 4--4
 \OT1/cmr/bx/n/10 ar- 
 []


Overfull \hbox (11.49994pt too wide) in paragraph at lines 4--4
 \OT1/cmr/bx/n/10 ti- 
 []


Overfull \hbox (10.22217pt too wide) in paragraph at lines 4--4
 \OT1/cmr/bx/n/10 fi- 
 []


Overfull \hbox (17.09016pt too wide) in paragraph at lines 4--4
 \OT1/cmr/bx/n/10 cial 
 []


Overfull \hbox (13.4166pt too wide) in paragraph at lines 4--4
 \OT1/cmr/bx/n/10 in- 
 []


Overfull \hbox (16.77075pt too wide) in paragraph at lines 4--4
 \OT1/cmr/bx/n/10 tel- 
 []


Overfull \hbox (10.22217pt too wide) in paragraph at lines 4--4
 \OT1/cmr/bx/n/10 li- 
 []


Overfull \hbox (27.79153pt too wide) in paragraph at lines 4--4
 \OT1/cmr/bx/n/10 gence 
 []


Overfull \hbox (12.61797pt too wide) in paragraph at lines 4--4
 \OT1/cmr/bx/n/10 al- 
 []


Overfull \hbox (15.33325pt too wide) in paragraph at lines 4--4
 \OT1/cmr/bx/n/10 go- 
 []


Overfull \hbox (32.91093pt too wide) in paragraph at lines 4--4
 \OT1/cmr/bx/n/10 rithms 
 []


Overfull \hbox (9.58328pt too wide) in paragraph at lines 4--4
 \OT1/cmr/bx/n/10 in 
 []


Overfull \hbox (20.22908pt too wide) in paragraph at lines 4--4
 \OT1/cmr/bx/n/10 pre- 
 []


Overfull \hbox (22.99988pt too wide) in paragraph at lines 4--4
 \OT1/cmr/bx/n/10 dict- 
 []


Overfull \hbox (15.33325pt too wide) in paragraph at lines 4--4
 \OT1/cmr/bx/n/10 ing 
 []


Overfull \hbox (19.54988pt too wide) in paragraph at lines 4--4
 \OT1/cmr/bx/n/10 soc- 
 []


Overfull \hbox (15.118pt too wide) in paragraph at lines 4--4
 \OT1/cmr/bx/n/10 cer 
 []


Overfull \hbox (30.8262pt too wide) in paragraph at lines 4--4
 \OT1/cmr/bx/n/10 match 
 []


Overfull \hbox (13.84023pt too wide) in paragraph at lines 4--4
 \OT1/cmr/bx/n/10 re- 
 []


Overfull \hbox (23.12762pt too wide) in paragraph at lines 4--4
 \OT1/cmr/bx/n/10 sults 
 []

)
! Emergency stop.
<*> ./TituloLinguaEstr.tex
                          
*** (job aborted, no legal \end found)

 
Here is how much of TeX's memory you used:
 10 strings out of 492453
 255 string characters out of 3120543
 59877 words of memory out of 3000000
 4467 multiletter control sequences out of 15000+200000
 3948 words of font info for 15 fonts, out of 3000000 for 9000
 1141 hyphenation exceptions out of 8191
 13i,1n,10p,128b,98s stack positions out of 5000i,500n,10000p,200000b,50000s
!  ==> Fatal error occurred, no output PDF file produced!
